<?xml version="1.0" encoding="UTF-8"?>
<testsuite name="ITCucumberTest" time="0.009" tests="16" errors="0" skipped="0" failures="0">
  <properties>
    <property name="java.runtime.name" value="Java(TM) SE Runtime Environment"/>
    <property name="sun.boot.library.path" value="C:\jdk1.8.0_71\jre\bin"/>
    <property name="java.vm.version" value="25.71-b15"/>
    <property name="java.vm.vendor" value="Oracle Corporation"/>
    <property name="java.vendor.url" value="http://java.oracle.com/"/>
    <property name="path.separator" value=";"/>
    <property name="guice.disable.misplaced.annotation.check" value="true"/>
    <property name="java.vm.name" value="Java HotSpot(TM) 64-Bit Server VM"/>
    <property name="file.encoding.pkg" value="sun.io"/>
    <property name="user.script" value=""/>
    <property name="user.country" value="US"/>
    <property name="sun.java.launcher" value="SUN_STANDARD"/>
    <property name="sun.os.patch.level" value="Service Pack 1"/>
    <property name="java.vm.specification.name" value="Java Virtual Machine Specification"/>
    <property name="user.dir" value="C:\Gogs-Project\Gogshub\calc"/>
    <property name="java.runtime.version" value="1.8.0_71-b15"/>
    <property name="java.awt.graphicsenv" value="sun.awt.Win32GraphicsEnvironment"/>
    <property name="java.endorsed.dirs" value="C:\jdk1.8.0_71\jre\lib\endorsed"/>
    <property name="os.arch" value="amd64"/>
    <property name="java.io.tmpdir" value="C:\Users\gthiyaga\AppData\Local\Temp\"/>
    <property name="line.separator" value="&#10;"/>
    <property name="java.vm.specification.vendor" value="Oracle Corporation"/>
    <property name="user.variant" value=""/>
    <property name="os.name" value="Windows 7"/>
    <property name="classworlds.conf" value="C:\Gogs-workspace\CI-CUCUM1\.metadata\.plugins\org.eclipse.m2e.launching\launches\m2conf6321223521597309645.tmp"/>
    <property name="sun.jnu.encoding" value="Cp1252"/>
    <property name="java.library.path" value="C:\jdk1.8.0_71\bin;C:\WINDOWS\Sun\Java\bin;C:\WINDOWS\system32;C:\WINDOWS;C:/jdk1.8.0_71/bin/../jre/bin/server;C:/jdk1.8.0_71/bin/../jre/bin;C:/jdk1.8.0_71/bin/../jre/lib/amd64;C:\Program Files\Broadcom\Broadcom 802.11;C:\jdk1.8.0_71\bin;C:\WINDOWS\system32;C:\WINDOWS;C:\WINDOWS\System32\Wbem;C:\WINDOWS\System32\WindowsPowerShell\v1.0\;C:\Program Files\WIDCOMM\Bluetooth Software\;C:\Program Files\WIDCOMM\Bluetooth Software\syswow64;C:\Program Files\TortoiseSVN\bin;C:\Program Files\PostgreSQL\9.3\bin;C:\Tools\Android\sdk\tools;C:\Tools\Android\sdk\platform-tools;C:\nodejs\;C:\Git\cmd;C:\Program Files (x86)\MySQL\MySQL Fabric 1.5 &amp; MySQL Utilities 1.5\;C:\Program Files (x86)\MySQL\MySQL Fabric 1.5 &amp; MySQL Utilities 1.5\Doctrine extensions for PHP\;C:\Program Files (x86)\SSH Communications Security\SSH Secure Shell;C:\Users\gthiyaga\AppData\Roaming\npm;C:\Program Files (x86)\Bitvise SSH Client;C:\mysql\mysql-5.6.26-winx64\bin;C:\Gogs\eclipse;;."/>
    <property name="java.specification.name" value="Java Platform API Specification"/>
    <property name="java.class.version" value="52.0"/>
    <property name="sun.management.compiler" value="HotSpot 64-Bit Tiered Compilers"/>
    <property name="os.version" value="6.1"/>
    <property name="user.home" value="C:\Users\gthiyaga"/>
    <property name="user.timezone" value="America/Chicago"/>
    <property name="java.awt.printerjob" value="sun.awt.windows.WPrinterJob"/>
    <property name="java.specification.version" value="1.8"/>
    <property name="file.encoding" value="Cp1252"/>
    <property name="user.name" value="gthiyaga"/>
    <property name="java.class.path" value="/C:/Gogs/eclipse/plugins/org.eclipse.m2e.maven.runtime_1.5.1.20150109-1819/jars/plexus-classworlds-2.5.1.jar"/>
    <property name="org.slf4j.simpleLogger.defaultLogLevel" value="info"/>
    <property name="java.vm.specification.version" value="1.8"/>
    <property name="sun.arch.data.model" value="64"/>
    <property name="java.home" value="C:\jdk1.8.0_71\jre"/>
    <property name="sun.java.command" value="org.codehaus.plexus.classworlds.launcher.Launcher -B clean verify -P integration-test"/>
    <property name="java.specification.vendor" value="Oracle Corporation"/>
    <property name="user.language" value="en"/>
    <property name="awt.toolkit" value="sun.awt.windows.WToolkit"/>
    <property name="java.vm.info" value="mixed mode"/>
    <property name="java.version" value="1.8.0_71"/>
    <property name="java.ext.dirs" value="C:\jdk1.8.0_71\jre\lib\ext;C:\WINDOWS\Sun\Java\lib\ext"/>
    <property name="sun.boot.class.path" value="C:\jdk1.8.0_71\jre\lib\resources.jar;C:\jdk1.8.0_71\jre\lib\rt.jar;C:\jdk1.8.0_71\jre\lib\sunrsasign.jar;C:\jdk1.8.0_71\jre\lib\jsse.jar;C:\jdk1.8.0_71\jre\lib\jce.jar;C:\jdk1.8.0_71\jre\lib\charsets.jar;C:\jdk1.8.0_71\jre\lib\jfr.jar;C:\jdk1.8.0_71\jre\classes"/>
    <property name="java.vendor" value="Oracle Corporation"/>
    <property name="maven.home" value="C:\Gogs-Project\Gogshub\calc\EMBEDDED"/>
    <property name="file.separator" value="\"/>
    <property name="java.vendor.url.bug" value="http://bugreport.sun.com/bugreport/"/>
    <property name="sun.cpu.endian" value="little"/>
    <property name="sun.io.unicode.encoding" value="UnicodeLittle"/>
    <property name="sun.desktop" value="windows"/>
    <property name="sun.cpu.isalist" value="amd64"/>
  </properties>
  <testcase name="Given navigate to calchome page                        " classname="Given navigate to calchome page                        " time="0.003"/>
  <testcase name="When user logs in using numberA as &quot;9&quot; and numberB as &quot;4&quot; and Operator as &quot;add&quot;                         " classname="When user logs in using numberA as &quot;9&quot; and numberB as &quot;4&quot; and Operator as &quot;add&quot;                         " time="0"/>
  <testcase name="Then Result as &quot;13&quot; should be displayed                          " classname="Then Result as &quot;13&quot; should be displayed                          " time="0"/>
  <testcase name="| 9 | 4 | add | 13 |                       " classname="| 9 | 4 | add | 13 |                       " time="0.002"/>
  <testcase name="Given navigate to calchome page                            " classname="Given navigate to calchome page                            " time="0"/>
  <testcase name="When user logs in using numberA as &quot;20&quot; and numberB as &quot;2&quot; and Operator as &quot;sub&quot;                             " classname="When user logs in using numberA as &quot;20&quot; and numberB as &quot;2&quot; and Operator as &quot;sub&quot;                             " time="0"/>
  <testcase name="Then Result as &quot;18&quot; should be displayed                              " classname="Then Result as &quot;18&quot; should be displayed                              " time="0"/>
  <testcase name="| 20 | 2 | sub | 18 |                           " classname="| 20 | 2 | sub | 18 |                           " time="0"/>
  <testcase name="Given navigate to calchome page                                " classname="Given navigate to calchome page                                " time="0"/>
  <testcase name="When user logs in using numberA as &quot;50&quot; and numberB as &quot;3&quot; and Operator as &quot;mul&quot;                                 " classname="When user logs in using numberA as &quot;50&quot; and numberB as &quot;3&quot; and Operator as &quot;mul&quot;                                 " time="0"/>
  <testcase name="Then Result as &quot;150&quot; should be displayed                                  " classname="Then Result as &quot;150&quot; should be displayed                                  " time="0"/>
  <testcase name="| 50 | 3 | mul | 150 |                               " classname="| 50 | 3 | mul | 150 |                               " time="0.002"/>
  <testcase name="Given navigate to calchome page                                    " classname="Given navigate to calchome page                                    " time="0"/>
  <testcase name="When user logs in using numberA as &quot;90&quot; and numberB as &quot;10&quot; and Operator as &quot;div&quot;                                     " classname="When user logs in using numberA as &quot;90&quot; and numberB as &quot;10&quot; and Operator as &quot;div&quot;                                     " time="0.001"/>
  <testcase name="Then Result as &quot;9&quot; should be displayed                                      " classname="Then Result as &quot;9&quot; should be displayed                                      " time="0"/>
  <testcase name="| 90 | 10 | div | 9 |                                   " classname="| 90 | 10 | div | 9 |                                   " time="0.001"/>
</testsuite>